0 info it worked if it ends with ok
1 verbose cli [ 'node', '/usr/local/bin/npm', 'install', '--save', 'flash' ]
2 info using npm@1.2.25
3 info using node@v0.10.10
4 verbose read json /Users/derekkan/Dev/sidebarDating/package.json
5 verbose read json /Users/derekkan/Dev/sidebarDating/node_modules/connect-flash/package.json
6 verbose read json /Users/derekkan/Dev/sidebarDating/node_modules/connect-pgclient/package.json
7 verbose read json /Users/derekkan/Dev/sidebarDating/node_modules/express/package.json
8 verbose read json /Users/derekkan/Dev/sidebarDating/node_modules/grunt/package.json
9 verbose read json /Users/derekkan/Dev/sidebarDating/node_modules/grunt-cli/package.json
10 verbose read json /Users/derekkan/Dev/sidebarDating/node_modules/grunt-contrib-watch/package.json
11 verbose read json /Users/derekkan/Dev/sidebarDating/node_modules/grunt-jasmine-node/package.json
12 verbose read json /Users/derekkan/Dev/sidebarDating/node_modules/grunt-karma/package.json
13 verbose read json /Users/derekkan/Dev/sidebarDating/node_modules/jasmine-node/package.json
14 verbose read json /Users/derekkan/Dev/sidebarDating/node_modules/karma/package.json
15 verbose read json /Users/derekkan/Dev/sidebarDating/node_modules/karma-chrome-launcher/package.json
16 verbose read json /Users/derekkan/Dev/sidebarDating/node_modules/karma-firefox-launcher/package.json
17 verbose read json /Users/derekkan/Dev/sidebarDating/node_modules/karma-jasmine/package.json
18 verbose read json /Users/derekkan/Dev/sidebarDating/node_modules/karma-junit-reporter/package.json
19 verbose read json /Users/derekkan/Dev/sidebarDating/node_modules/karma-phantomjs-launcher/package.json
20 verbose read json /Users/derekkan/Dev/sidebarDating/node_modules/karma-script-launcher/package.json
21 verbose read json /Users/derekkan/Dev/sidebarDating/node_modules/moment/package.json
22 verbose read json /Users/derekkan/Dev/sidebarDating/node_modules/nodemon/package.json
23 verbose read json /Users/derekkan/Dev/sidebarDating/node_modules/passport/package.json
24 verbose read json /Users/derekkan/Dev/sidebarDating/node_modules/passport-local/package.json
25 verbose read json /Users/derekkan/Dev/sidebarDating/node_modules/pg/package.json
26 verbose read json /Users/derekkan/Dev/sidebarDating/node_modules/phantomjs/package.json
27 verbose read json /Users/derekkan/Dev/sidebarDating/node_modules/sequelize/package.json
28 verbose from cache /Users/derekkan/Dev/sidebarDating/package.json
29 verbose readDependencies using package.json deps
30 verbose cache add [ 'flash', null ]
31 verbose cache add name=undefined spec="flash" args=["flash",null]
32 verbose parsed url { protocol: null,
32 verbose parsed url   slashes: null,
32 verbose parsed url   auth: null,
32 verbose parsed url   host: null,
32 verbose parsed url   port: null,
32 verbose parsed url   hostname: null,
32 verbose parsed url   hash: null,
32 verbose parsed url   search: null,
32 verbose parsed url   query: null,
32 verbose parsed url   pathname: 'flash',
32 verbose parsed url   path: 'flash',
32 verbose parsed url   href: 'flash' }
33 silly lockFile 6117e45a-flash flash
34 verbose lock flash /Users/derekkan/.npm/6117e45a-flash.lock
35 silly lockFile 6117e45a-flash flash
36 silly lockFile 6117e45a-flash flash
37 verbose addNamed [ 'flash', '' ]
38 verbose addNamed [ null, '' ]
39 silly lockFile 64504738-flash flash@
40 verbose lock flash@ /Users/derekkan/.npm/64504738-flash.lock
41 silly addNameRange { name: 'flash', range: '', hasData: false }
42 verbose url raw flash
43 verbose url resolving [ 'https://registry.npmjs.org/', './flash' ]
44 verbose url resolved https://registry.npmjs.org/flash
45 info trying registry request attempt 1 at 16:46:50
46 http GET https://registry.npmjs.org/flash
47 http 200 https://registry.npmjs.org/flash
48 silly registry.get cb [ 200,
48 silly registry.get   { date: 'Sun, 13 Apr 2014 23:46:49 GMT',
48 silly registry.get     server: 'CouchDB/1.6.0+build.fauxton-91-g5a2864b (Erlang OTP/R14B04)',
48 silly registry.get     etag: '"1MH1VVMTN2I7DCJDO3MO27RS"',
48 silly registry.get     'content-type': 'application/json',
48 silly registry.get     via: '1.1 varnish',
48 silly registry.get     'cache-control': 'max-age=1',
48 silly registry.get     'content-length': '15211',
48 silly registry.get     'accept-ranges': 'bytes',
48 silly registry.get     age: '683',
48 silly registry.get     'x-served-by': 'cache-v41-ASH, cache-sv63-SJC3',
48 silly registry.get     'x-cache': 'MISS, MISS',
48 silly registry.get     'x-cache-hits': '0, 0',
48 silly registry.get     'x-timer': 'S1397432809.683942795,VS0,VS36,VE43,VE80',
48 silly registry.get     vary: 'Accept',
48 silly registry.get     'keep-alive': 'timeout=10, max=50',
48 silly registry.get     connection: 'Keep-Alive' } ]
49 silly addNameRange number 2 { name: 'flash', range: '', hasData: true }
50 silly addNameRange versions [ 'flash',
50 silly addNameRange   [ '0.5.3', '0.5.4', '0.5.5', '0.5.7', '0.5.8', '0.5.9' ] ]
51 verbose addNamed [ 'flash', '0.5.9' ]
52 verbose addNamed [ '0.5.9', '0.5.9' ]
53 silly lockFile cebcd284-flash-0-5-9 flash@0.5.9
54 verbose lock flash@0.5.9 /Users/derekkan/.npm/cebcd284-flash-0-5-9.lock
55 silly lockFile 80e24e1b--npmjs-org-flash-flash-0-5-9-tgz https://registry.npmjs.org/flash/-/flash-0.5.9.tgz
56 verbose lock https://registry.npmjs.org/flash/-/flash-0.5.9.tgz /Users/derekkan/.npm/80e24e1b--npmjs-org-flash-flash-0-5-9-tgz.lock
57 verbose addRemoteTarball [ 'https://registry.npmjs.org/flash/-/flash-0.5.9.tgz',
57 verbose addRemoteTarball   '60ae2a6b09b20cc294fddc4c34b0d9b91ae02b06' ]
58 info retry fetch attempt 1 at 16:46:51
59 verbose fetch to= /var/folders/vl/z6c4gf195pq2l77kp53x89t40000gn/T/npm-99241/1397432811198-0.631508165737614/tmp.tgz
60 http GET https://registry.npmjs.org/flash/-/flash-0.5.9.tgz
61 http 200 https://registry.npmjs.org/flash/-/flash-0.5.9.tgz
62 verbose tar unpack /var/folders/vl/z6c4gf195pq2l77kp53x89t40000gn/T/npm-99241/1397432811198-0.631508165737614/tmp.tgz
63 silly lockFile caf5f66f-811198-0-631508165737614-package /var/folders/vl/z6c4gf195pq2l77kp53x89t40000gn/T/npm-99241/1397432811198-0.631508165737614/package
64 verbose lock /var/folders/vl/z6c4gf195pq2l77kp53x89t40000gn/T/npm-99241/1397432811198-0.631508165737614/package /Users/derekkan/.npm/caf5f66f-811198-0-631508165737614-package.lock
65 silly lockFile b28d9612-811198-0-631508165737614-tmp-tgz /var/folders/vl/z6c4gf195pq2l77kp53x89t40000gn/T/npm-99241/1397432811198-0.631508165737614/tmp.tgz
66 verbose lock /var/folders/vl/z6c4gf195pq2l77kp53x89t40000gn/T/npm-99241/1397432811198-0.631508165737614/tmp.tgz /Users/derekkan/.npm/b28d9612-811198-0-631508165737614-tmp-tgz.lock
67 silly gunzTarPerm modes [ '755', '644' ]
68 silly gunzTarPerm extractEntry templates/
69 silly gunzTarPerm extractEntry templates/application/
70 silly gunzTarPerm extractEntry templates/application/.frst/
71 silly gunzTarPerm extractEntry templates/application/.frst/.npmignore
72 silly gunzTarPerm extractEntry templates/application/app.coffee
73 silly gunzTarPerm extractEntry templates/application/Readme.md
74 silly gunzTarPerm extractEntry templates/module/
75 silly gunzTarPerm extractEntry templates/module/package.json
76 silly gunzTarPerm extractEntry templates/module/index.coffee.js
77 silly gunzTarPerm extractEntry templates/module/lib/
78 silly gunzTarPerm extractEntry templates/module/lib/default.coffee.js
79 silly gunzTarPerm extractEntry templates/module/Readme.md
80 silly gunzTarPerm extractEntry package.json
81 silly gunzTarPerm extractEntry Cakefile
82 silly gunzTarPerm extractEntry test/
83 silly gunzTarPerm extractEntry test/archer-deployment-tests.coffee
84 silly gunzTarPerm extractEntry .npmignore
85 silly gunzTarPerm extractEntry bin/
86 silly gunzTarPerm extractEntry bin/cli.coffee
87 silly gunzTarPerm extractEntry .travis.yml
88 silly gunzTarPerm extractEntry lib/
89 silly gunzTarPerm extractEntry lib/flash.coffee
90 silly gunzTarPerm extractEntry Readme.md
91 verbose read json /var/folders/vl/z6c4gf195pq2l77kp53x89t40000gn/T/npm-99241/1397432811198-0.631508165737614/package/package.json
92 silly lockFile caf5f66f-811198-0-631508165737614-package /var/folders/vl/z6c4gf195pq2l77kp53x89t40000gn/T/npm-99241/1397432811198-0.631508165737614/package
93 silly lockFile caf5f66f-811198-0-631508165737614-package /var/folders/vl/z6c4gf195pq2l77kp53x89t40000gn/T/npm-99241/1397432811198-0.631508165737614/package
94 silly lockFile b28d9612-811198-0-631508165737614-tmp-tgz /var/folders/vl/z6c4gf195pq2l77kp53x89t40000gn/T/npm-99241/1397432811198-0.631508165737614/tmp.tgz
95 silly lockFile b28d9612-811198-0-631508165737614-tmp-tgz /var/folders/vl/z6c4gf195pq2l77kp53x89t40000gn/T/npm-99241/1397432811198-0.631508165737614/tmp.tgz
96 verbose from cache /var/folders/vl/z6c4gf195pq2l77kp53x89t40000gn/T/npm-99241/1397432811198-0.631508165737614/package/package.json
97 verbose tar pack [ '/Users/derekkan/.npm/flash/0.5.9/package.tgz',
97 verbose tar pack   '/var/folders/vl/z6c4gf195pq2l77kp53x89t40000gn/T/npm-99241/1397432811198-0.631508165737614/package' ]
98 verbose tarball /Users/derekkan/.npm/flash/0.5.9/package.tgz
99 verbose folder /var/folders/vl/z6c4gf195pq2l77kp53x89t40000gn/T/npm-99241/1397432811198-0.631508165737614/package
100 silly lockFile caf5f66f-811198-0-631508165737614-package /var/folders/vl/z6c4gf195pq2l77kp53x89t40000gn/T/npm-99241/1397432811198-0.631508165737614/package
101 verbose lock /var/folders/vl/z6c4gf195pq2l77kp53x89t40000gn/T/npm-99241/1397432811198-0.631508165737614/package /Users/derekkan/.npm/caf5f66f-811198-0-631508165737614-package.lock
102 silly lockFile 561e84bc-kkan-npm-flash-0-5-9-package-tgz /Users/derekkan/.npm/flash/0.5.9/package.tgz
103 verbose lock /Users/derekkan/.npm/flash/0.5.9/package.tgz /Users/derekkan/.npm/561e84bc-kkan-npm-flash-0-5-9-package-tgz.lock
104 silly lockFile caf5f66f-811198-0-631508165737614-package /var/folders/vl/z6c4gf195pq2l77kp53x89t40000gn/T/npm-99241/1397432811198-0.631508165737614/package
105 silly lockFile caf5f66f-811198-0-631508165737614-package /var/folders/vl/z6c4gf195pq2l77kp53x89t40000gn/T/npm-99241/1397432811198-0.631508165737614/package
106 silly lockFile 561e84bc-kkan-npm-flash-0-5-9-package-tgz /Users/derekkan/.npm/flash/0.5.9/package.tgz
107 silly lockFile 561e84bc-kkan-npm-flash-0-5-9-package-tgz /Users/derekkan/.npm/flash/0.5.9/package.tgz
108 silly lockFile e9802fc1-derekkan-npm-flash-0-5-9-package /Users/derekkan/.npm/flash/0.5.9/package
109 verbose lock /Users/derekkan/.npm/flash/0.5.9/package /Users/derekkan/.npm/e9802fc1-derekkan-npm-flash-0-5-9-package.lock
110 silly lockFile e9802fc1-derekkan-npm-flash-0-5-9-package /Users/derekkan/.npm/flash/0.5.9/package
111 silly lockFile e9802fc1-derekkan-npm-flash-0-5-9-package /Users/derekkan/.npm/flash/0.5.9/package
112 verbose tar unpack /Users/derekkan/.npm/flash/0.5.9/package.tgz
113 silly lockFile e9802fc1-derekkan-npm-flash-0-5-9-package /Users/derekkan/.npm/flash/0.5.9/package
114 verbose lock /Users/derekkan/.npm/flash/0.5.9/package /Users/derekkan/.npm/e9802fc1-derekkan-npm-flash-0-5-9-package.lock
115 silly lockFile 561e84bc-kkan-npm-flash-0-5-9-package-tgz /Users/derekkan/.npm/flash/0.5.9/package.tgz
116 verbose lock /Users/derekkan/.npm/flash/0.5.9/package.tgz /Users/derekkan/.npm/561e84bc-kkan-npm-flash-0-5-9-package-tgz.lock
117 silly gunzTarPerm modes [ '755', '644' ]
118 silly gunzTarPerm extractEntry package.json
119 silly gunzTarPerm extractEntry .npmignore
120 silly gunzTarPerm extractEntry .travis.yml
121 silly gunzTarPerm extractEntry Cakefile
122 silly gunzTarPerm extractEntry Readme.md
123 silly gunzTarPerm extractEntry bin/cli.coffee
124 silly gunzTarPerm extractEntry lib/flash.coffee
125 silly gunzTarPerm extractEntry templates/application/.frst/.npmignore
126 silly gunzTarPerm extractEntry templates/application/Readme.md
127 silly gunzTarPerm extractEntry templates/application/app.coffee
128 silly gunzTarPerm extractEntry templates/module/package.json
129 silly gunzTarPerm extractEntry templates/module/index.coffee.js
130 silly gunzTarPerm extractEntry templates/module/Readme.md
131 silly gunzTarPerm extractEntry templates/module/lib/default.coffee.js
132 silly gunzTarPerm extractEntry test/archer-deployment-tests.coffee
133 verbose read json /Users/derekkan/.npm/flash/0.5.9/package/package.json
134 silly lockFile e9802fc1-derekkan-npm-flash-0-5-9-package /Users/derekkan/.npm/flash/0.5.9/package
135 silly lockFile e9802fc1-derekkan-npm-flash-0-5-9-package /Users/derekkan/.npm/flash/0.5.9/package
136 silly lockFile 561e84bc-kkan-npm-flash-0-5-9-package-tgz /Users/derekkan/.npm/flash/0.5.9/package.tgz
137 silly lockFile 561e84bc-kkan-npm-flash-0-5-9-package-tgz /Users/derekkan/.npm/flash/0.5.9/package.tgz
138 verbose from cache /Users/derekkan/.npm/flash/0.5.9/package/package.json
139 verbose chmod /Users/derekkan/.npm/flash/0.5.9/package.tgz 644
140 verbose chown /Users/derekkan/.npm/flash/0.5.9/package.tgz [ 501, 20 ]
141 silly lockFile 80e24e1b--npmjs-org-flash-flash-0-5-9-tgz https://registry.npmjs.org/flash/-/flash-0.5.9.tgz
142 silly lockFile 80e24e1b--npmjs-org-flash-flash-0-5-9-tgz https://registry.npmjs.org/flash/-/flash-0.5.9.tgz
143 silly lockFile cebcd284-flash-0-5-9 flash@0.5.9
144 silly lockFile cebcd284-flash-0-5-9 flash@0.5.9
145 silly lockFile 64504738-flash flash@
146 silly lockFile 64504738-flash flash@
147 silly resolved [ { name: 'flash',
147 silly resolved     version: '0.5.9',
147 silly resolved     description: 'A command line tool for speedy application management',
147 silly resolved     keywords: [ 'deployment', 'framework', 'mongoose', 'coffee-script' ],
147 silly resolved     homepage: 'https://github.com/frst/flash',
147 silly resolved     preferGlobal: true,
147 silly resolved     bugs:
147 silly resolved      { url: 'https://github.com/frst/flash',
147 silly resolved        email: 'paul@onfrst.com' },
147 silly resolved     main: './lib/flash.coffee',
147 silly resolved     bin: { flash: './bin/cli.coffee' },
147 silly resolved     repository: { type: 'git', url: 'https://github.com/frst/flash.git' },
147 silly resolved     scripts: { test: 'cake test' },
147 silly resolved     engines: { node: '0.6.12' },
147 silly resolved     os: [ 'linux' ],
147 silly resolved     devDependencies: { mocha: '1.3.0', chai: '1.1.1' },
147 silly resolved     dependencies:
147 silly resolved      { 'coffee-script': '1.3.3',
147 silly resolved        commander: '1.0.0',
147 silly resolved        request: '2.9.203',
147 silly resolved        async: '0.1.22',
147 silly resolved        mime: '1.2.6',
147 silly resolved        nconf: '0.6.4',
147 silly resolved        frst: '0.0.5',
147 silly resolved        volo: '0.2.2' },
147 silly resolved     readme: '# Flash\n\n[![Build Status](https://secure.travis-ci.org/frst/flash.png)](http://travis-ci.org/frst/flash)\n\nFlash is a command line tool we use to create, build, deploy, and\nmanage our user facing applications.\n\n## Installing Flash\n\nInstalling Flash is quick on a POSIX system. You may simply run the\nfollowing command inside your shell to get it going.\n\n    npm install flash -g\n\nDocumentation for installing Node.js and the Node Package Manager can\nbe found at [the Node.js homepage](http://nodejs.org)\n\n## Basic Usage\n\nCreate, and start an example application\n\n    flash init test-application --template=blog-application\n    cd blog-application\n    flash run\n    # server running on localhost:29547\n\n## Deployment\n\nWe provide a simple cloud application service for running your flash\napplications. An account registration is required, and hosting will\naffect your account usage. If you are offering an open source\napplication, send us an email and we can look into setting you up with\na free shared account.\n\nTo provide a secondary option for users\nwishing to remain independent you can deploy and run any application\nusing traditional Node.js techniques. \n\n### Hosted\n\nYou can use any domain or subdomain to host an flash\napplication, simply create a `CNAME` record with your DNS provider\nthat points to `quiver.onfrst.com`.\n\n    # inside of a project\n    flash deploy [site-url]\n\n### Private\n\nIn order to deploy a private installation of your application you will\nneed to build your application and send it where it will be\nrun. Wherever you have decided to host your application, you may\nsimply start it up with a traditional node command. \n\nThe `build` command includes all dependencies, so the platform you use\nto build should be similar to your hosted environment.\n\n    # in your build environment\n    flash build\n    scp [project-name].tgz [site-url]:/home/user/\n\n    # on your remote host\n    tar xzf [project-name].tgz\n    cd [project-name]\n    node [main-file].js\n\nIt should be as easy as that in all deployment cases. Setting up your\nservers users, directories, application services are all left up to\nyou in most cases. Whether you use coffee-script or not, we compile\neverything into a clean `js` package.\n\n## Templates\n\nProject templates may be created & distributed easily. We include a\nnumber of useful project templates to get you started.\n\n## License \n\n(The MIT License)\n\nCopyright (c) 2012 <%= @author.name %> <<%= @author.email %>>\n\nPermission is hereby granted, free of charge, to any person obtaining\na copy of this software and associated documentation files (the\n\'Software\'), to deal in the Software without restriction, including\nwithout limitation the rights to use, copy, modify, merge, publish,\ndistribute, sublicense, and/or sell copies of the Software, and to\npermit persons to whom the Software is furnished to do so, subject to\nthe following conditions:\n\nThe above copyright notice and this permission notice shall be\nincluded in all copies or substantial portions of the Software.\n\nTHE SOFTWARE IS PROVIDED \'AS IS\', WITHOUT WARRANTY OF ANY KIND,\nEXPRESS OR IMPLIED, INCLUDING BUT NOT LIMITED TO THE WARRANTIES OF\nMERCHANTABILITY, FITNESS FOR A PARTICULAR PURPOSE AND NONINFRINGEMENT.\nIN NO EVENT SHALL THE AUTHORS OR COPYRIGHT HOLDERS BE LIABLE FOR ANY\nCLAIM, DAMAGES OR OTHER LIABILITY, WHETHER IN AN ACTION OF CONTRACT,\nTORT OR OTHERWISE, ARISING FROM, OUT OF OR IN CONNECTION WITH THE\nSOFTWARE OR THE USE OR OTHER DEALINGS IN THE SOFTWARE.\n',
147 silly resolved     readmeFilename: 'Readme.md',
147 silly resolved     _id: 'flash@0.5.9',
147 silly resolved     dist: { shasum: '5ef829ab3cdc6078687d03372745c95ef56d599a' },
147 silly resolved     _from: 'flash@',
147 silly resolved     _resolved: 'https://registry.npmjs.org/flash/-/flash-0.5.9.tgz' } ]
148 info install flash@0.5.9 into /Users/derekkan/Dev/sidebarDating
149 info installOne flash@0.5.9
150 warn engine flash@0.5.9: wanted: {"node":"0.6.12"} (current: {"node":"v0.10.10","npm":"1.2.25"})
151 error notsup Unsupported
151 error notsup Not compatible with your operating system or architecture: flash@0.5.9
151 error notsup Valid OS:    linux
151 error notsup Valid Arch:  any
151 error notsup Actual OS:   darwin
151 error notsup Actual Arch: x64
152 error System Darwin 11.4.2
153 error command "node" "/usr/local/bin/npm" "install" "--save" "flash"
154 error cwd /Users/derekkan/Dev/sidebarDating
155 error node -v v0.10.10
156 error npm -v 1.2.25
157 error code EBADPLATFORM
158 verbose exit [ 1, true ]
